#
# There is insufficient memory for the Java Runtime Environment to continue.
# Native memory allocation (malloc) failed to allocate 71856 bytes. Error detail: Chunk::new
# Possible reasons:
#   The system is out of physical RAM or swap space
#   This process is running with CompressedOops enabled, and the Java Heap may be blocking the growth of the native heap
# Possible solutions:
#   Reduce memory load on the system
#   Increase physical memory or swap space
#   Check if swap backing store is full
#   Decrease Java heap size (-Xmx/-Xms)
#   Decrease number of Java threads
#   Decrease Java thread stack sizes (-Xss)
#   Set larger code cache with -XX:ReservedCodeCacheSize=
#   JVM is running with Unscaled Compressed Oops mode in which the Java heap is
#     placed in the first 4GB address space. The Java Heap base address is the
#     maximum limit for the native heap growth. Please use -XX:HeapBaseMinAddress
#     to set the Java Heap base and to place the Java Heap above 4GB virtual address.
# This output file may be truncated or incomplete.
#
#  Out of Memory Error (arena.cpp:149), pid=1960, tid=14368
#
# JRE version: Java(TM) SE Runtime Environment (23.0.1+11) (build 23.0.1+11-39)
# Java VM: Java HotSpot(TM) 64-Bit Server VM (23.0.1+11-39, mixed mode, sharing, tiered, compressed oops, compressed class ptrs, g1 gc, windows-amd64)
# No core dump will be written. Minidumps are not enabled by default on client versions of Windows
#

---------------  S U M M A R Y ------------

Command Line: -javaagent:C:\Program Files\JetBrains\IntelliJ IDEA Community Edition 2024.2.4\lib\idea_rt.jar=54482:C:\Program Files\JetBrains\IntelliJ IDEA Community Edition 2024.2.4\bin -Dfile.encoding=UTF-8 -Dsun.stdout.encoding=UTF-8 -Dsun.stderr.encoding=UTF-8 com.luv2code.spring_boot_library.SpringBootLibraryApplication

Host: AMD Athlon Silver 3050U with Radeon Graphics   , 2 cores, 3G,  Windows 11 , 64 bit Build 22621 (10.0.22621.4391)
Time: Fri Nov 22 19:01:55 2024 India Standard Time elapsed time: 6378.920060 seconds (0d 1h 46m 18s)

---------------  T H R E A D  ---------------

Current thread (0x0000025dc113aa70):  JavaThread "C2 CompilerThread0" daemon [_thread_in_native, id=14368, stack(0x000000bf3a700000,0x000000bf3a800000) (1024K)]


Current CompileTask:
C2:6378921 8762       4       java.util.concurrent.ScheduledThreadPoolExecutor$DelayedWorkQueue::siftDown (119 bytes)

Stack: [0x000000bf3a700000,0x000000bf3a800000]
Native frames: (J=compiled Java code, j=interpreted, Vv=VM code, C=native code)
V  [jvm.dll+0x6e08b9]  (no source info available)
V  [jvm.dll+0x87dc83]  (no source info available)
V  [jvm.dll+0x88010e]  (no source info available)
V  [jvm.dll+0x8807e3]  (no source info available)
V  [jvm.dll+0x27aee6]  (no source info available)
V  [jvm.dll+0xbc06f]  (no source info available)
V  [jvm.dll+0xbc2cb]  (no source info available)
V  [jvm.dll+0x3b3a62]  (no source info available)
V  [jvm.dll+0x1dc19c]  (no source info available)
V  [jvm.dll+0x244be5]  (no source info available)
V  [jvm.dll+0x243dff]  (no source info available)
V  [jvm.dll+0x1c33a0]  (no source info available)
V  [jvm.dll+0x253cf1]  (no source info available)
V  [jvm.dll+0x251faa]  (no source info available)
V  [jvm.dll+0x3ee036]  (no source info available)
V  [jvm.dll+0x824f8b]  (no source info available)
V  [jvm.dll+0x6df065]  (no source info available)
C  [ucrtbase.dll+0x29333]  (no source info available)
C  [KERNEL32.DLL+0x1259d]  (no source info available)
C  [ntdll.dll+0x5af38]  (no source info available)

Lock stack of current Java thread (top to bottom):


---------------  P R O C E S S  ---------------

Threads class SMR info:
_java_thread_list=0x0000025dc73f6f20, length=29, elements={
0x0000025dc112fe80, 0x0000025dc1130d30, 0x0000025dc1133490, 0x0000025dc1135f00,
0x0000025dc1136960, 0x0000025dc1139ce0, 0x0000025dc113aa70, 0x0000025dc114ba80,
0x0000025dc125f6b0, 0x0000025dc1789750, 0x0000025dc1789dc0, 0x0000025dc6f45410,
0x0000025dc6f46130, 0x0000025dc6f46e50, 0x0000025dc6f474e0, 0x0000025dc9770c50,
0x0000025dc976bd90, 0x0000025dc976e4f0, 0x0000025dc976ff30, 0x0000025dc976d140,
0x0000025dc976d7d0, 0x0000025dc976de60, 0x0000025dc97712e0, 0x0000025dc9771970,
0x0000025dca07bb10, 0x0000025dca07c1a0, 0x0000025dca07f620, 0x0000025dca07fcb0,
0x0000025dca07c830
}

Java Threads: ( => current thread )
  0x0000025dc112fe80 JavaThread "Reference Handler"          daemon [_thread_blocked, id=12108, stack(0x000000bf3a100000,0x000000bf3a200000) (1024K)]
  0x0000025dc1130d30 JavaThread "Finalizer"                  daemon [_thread_blocked, id=9948, stack(0x000000bf3a200000,0x000000bf3a300000) (1024K)]
  0x0000025dc1133490 JavaThread "Signal Dispatcher"          daemon [_thread_blocked, id=5208, stack(0x000000bf3a300000,0x000000bf3a400000) (1024K)]
  0x0000025dc1135f00 JavaThread "Attach Listener"            daemon [_thread_blocked, id=4632, stack(0x000000bf3a400000,0x000000bf3a500000) (1024K)]
  0x0000025dc1136960 JavaThread "Service Thread"             daemon [_thread_blocked, id=16924, stack(0x000000bf3a500000,0x000000bf3a600000) (1024K)]
  0x0000025dc1139ce0 JavaThread "Monitor Deflation Thread"   daemon [_thread_blocked, id=2944, stack(0x000000bf3a600000,0x000000bf3a700000) (1024K)]
=>0x0000025dc113aa70 JavaThread "C2 CompilerThread0"         daemon [_thread_in_native, id=14368, stack(0x000000bf3a700000,0x000000bf3a800000) (1024K)]
  0x0000025dc114ba80 JavaThread "C1 CompilerThread0"         daemon [_thread_blocked, id=14112, stack(0x000000bf3a800000,0x000000bf3a900000) (1024K)]
  0x0000025dc125f6b0 JavaThread "Common-Cleaner"             daemon [_thread_blocked, id=18360, stack(0x000000bf3a900000,0x000000bf3aa00000) (1024K)]
  0x0000025dc1789750 JavaThread "Monitor Ctrl-Break"         daemon [_thread_in_native, id=16856, stack(0x000000bf3aa00000,0x000000bf3ab00000) (1024K)]
  0x0000025dc1789dc0 JavaThread "Notification Thread"        daemon [_thread_blocked, id=11400, stack(0x000000bf3ab00000,0x000000bf3ac00000) (1024K)]
  0x0000025dc6f45410 JavaThread "Catalina-utility-1"                [_thread_blocked, id=2204, stack(0x000000bf3ae00000,0x000000bf3af00000) (1024K)]
  0x0000025dc6f46130 JavaThread "Catalina-utility-2"                [_thread_blocked, id=16632, stack(0x000000bf3af00000,0x000000bf3b000000) (1024K)]
  0x0000025dc6f46e50 JavaThread "container-0"                       [_thread_blocked, id=16872, stack(0x000000bf3b000000,0x000000bf3b100000) (1024K)]
  0x0000025dc6f474e0 JavaThread "mysql-cj-abandoned-connection-cleanup" daemon [_thread_blocked, id=15544, stack(0x000000bf3b100000,0x000000bf3b200000) (1024K)]
  0x0000025dc9770c50 JavaThread "HikariPool-1 housekeeper"   daemon [_thread_blocked, id=14912, stack(0x000000bf3b300000,0x000000bf3b400000) (1024K)]
  0x0000025dc976bd90 JavaThread "http-nio-8080-exec-1"       daemon [_thread_blocked, id=18108, stack(0x000000bf3b400000,0x000000bf3b500000) (1024K)]
  0x0000025dc976e4f0 JavaThread "http-nio-8080-exec-2"       daemon [_thread_blocked, id=18336, stack(0x000000bf3b500000,0x000000bf3b600000) (1024K)]
  0x0000025dc976ff30 JavaThread "http-nio-8080-exec-3"       daemon [_thread_blocked, id=14028, stack(0x000000bf3b600000,0x000000bf3b700000) (1024K)]
  0x0000025dc976d140 JavaThread "http-nio-8080-exec-4"       daemon [_thread_blocked, id=16792, stack(0x000000bf3b700000,0x000000bf3b800000) (1024K)]
  0x0000025dc976d7d0 JavaThread "http-nio-8080-exec-5"       daemon [_thread_blocked, id=6472, stack(0x000000bf3b800000,0x000000bf3b900000) (1024K)]
  0x0000025dc976de60 JavaThread "http-nio-8080-exec-6"       daemon [_thread_blocked, id=9892, stack(0x000000bf3b900000,0x000000bf3ba00000) (1024K)]
  0x0000025dc97712e0 JavaThread "http-nio-8080-exec-7"       daemon [_thread_blocked, id=15628, stack(0x000000bf3ba00000,0x000000bf3bb00000) (1024K)]
  0x0000025dc9771970 JavaThread "http-nio-8080-exec-8"       daemon [_thread_blocked, id=7880, stack(0x000000bf3bb00000,0x000000bf3bc00000) (1024K)]
  0x0000025dca07bb10 JavaThread "http-nio-8080-exec-9"       daemon [_thread_blocked, id=16044, stack(0x000000bf3bc00000,0x000000bf3bd00000) (1024K)]
  0x0000025dca07c1a0 JavaThread "http-nio-8080-exec-10"      daemon [_thread_blocked, id=17080, stack(0x000000bf3bd00000,0x000000bf3be00000) (1024K)]
  0x0000025dca07f620 JavaThread "http-nio-8080-Poller"       daemon [_thread_in_native, id=15872, stack(0x000000bf3be00000,0x000000bf3bf00000) (1024K)]
  0x0000025dca07fcb0 JavaThread "http-nio-8080-Acceptor"     daemon [_thread_in_native, id=16804, stack(0x000000bf3bf00000,0x000000bf3c000000) (1024K)]
  0x0000025dca07c830 JavaThread "DestroyJavaVM"                     [_thread_blocked, id=6608, stack(0x000000bf39900000,0x000000bf39a00000) (1024K)]
Total: 29

Other Threads:
  0x0000025dcfa6a230 VMThread "VM Thread"                           [id=7312, stack(0x000000bf3a000000,0x000000bf3a100000) (1024K)]
  0x0000025dcfa57a20 WatcherThread "VM Periodic Task Thread"        [id=10092, stack(0x000000bf39f00000,0x000000bf3a000000) (1024K)]
  0x0000025dcf9ee620 WorkerThread "GC Thread#0"                     [id=356, stack(0x000000bf39a00000,0x000000bf39b00000) (1024K)]
  0x0000025dc179c430 WorkerThread "GC Thread#1"                     [id=5520, stack(0x000000bf3ac00000,0x000000bf3ad00000) (1024K)]
  0x0000025dcf9f8760 ConcurrentGCThread "G1 Main Marker"            [id=16588, stack(0x000000bf39b00000,0x000000bf39c00000) (1024K)]
  0x0000025dcf9f9420 WorkerThread "G1 Conc#0"                       [id=16392, stack(0x000000bf39c00000,0x000000bf39d00000) (1024K)]
  0x0000025dcfa44880 ConcurrentGCThread "G1 Refine#0"               [id=11608, stack(0x000000bf39d00000,0x000000bf39e00000) (1024K)]
  0x0000025dcfa45400 ConcurrentGCThread "G1 Service"                [id=17456, stack(0x000000bf39e00000,0x000000bf39f00000) (1024K)]
Total: 8

Threads with active compile tasks:
C2 CompilerThread0  6379074 8762       4       java.util.concurrent.ScheduledThreadPoolExecutor$DelayedWorkQueue::siftDown (119 bytes)
Total: 1

VM state: not at safepoint (normal execution)

VM Mutex/Monitor currently owned by a thread: None

Heap address: 0x00000000c9c00000, size: 868 MB, Compressed Oops mode: 32-bit

CDS archive(s) mapped at: [0x0000025d80000000-0x0000025d80d70000-0x0000025d80d70000), size 14090240, SharedBaseAddress: 0x0000025d80000000, ArchiveRelocationMode: 1.
Compressed class space mapped at: 0x0000025d81000000-0x0000025dc1000000, reserved size: 1073741824
Narrow klass base: 0x0000025d80000000, Narrow klass shift: 0, Narrow klass range: 0x41000000

GC Precious Log:
 CardTable entry size: 512
 Card Set container configuration: InlinePtr #cards 5 size 8 Array Of Cards #cards 10 size 36 Howl #buckets 4 coarsen threshold 1843 Howl Bitmap #cards 512 size 80 coarsen threshold 460 Card regions per heap region 1 cards per card region 2048
 CPUs: 2 total, 2 available
 Memory: 3470M
 Large Page Support: Disabled
 NUMA Support: Disabled
 Compressed Oops: Enabled (32-bit)
 Heap Region Size: 1M
 Heap Min Capacity: 8M
 Heap Initial Capacity: 56M
 Heap Max Capacity: 868M
 Pre-touch: Disabled
 Parallel Workers: 2
 Concurrent Workers: 1
 Concurrent Refinement Workers: 2
 Periodic GC: Disabled

Heap:
 garbage-first heap   total reserved 888832K, committed 90112K, used 64940K [0x00000000c9c00000, 0x0000000100000000)
  region size 1024K, 17 young (17408K), 2 survivors (2048K)
 Metaspace       used 80636K, committed 81280K, reserved 1179648K
  class space    used 11148K, committed 11456K, reserved 1048576K

Heap Regions: E=young(eden), S=young(survivor), O=old, HS=humongous(starts), HC=humongous(continues), CS=collection set, F=free, TAMS=top-at-mark-start, PB=parsable bottom
|   0|0x00000000c9c00000, 0x00000000c9d00000, 0x00000000c9d00000|100%|HS|  |TAMS 0x00000000c9c00000| PB 0x00000000c9c00000| Complete |  0
|   1|0x00000000c9d00000, 0x00000000c9e00000, 0x00000000c9e00000|100%| O|  |TAMS 0x00000000c9d00000| PB 0x00000000c9d00000| Untracked |  0
|   2|0x00000000c9e00000, 0x00000000c9f00000, 0x00000000c9f00000|100%| O|  |TAMS 0x00000000c9e00000| PB 0x00000000c9e00000| Untracked |  0
|   3|0x00000000c9f00000, 0x00000000ca000000, 0x00000000ca000000|100%| O|  |TAMS 0x00000000c9f00000| PB 0x00000000c9f00000| Untracked |  0
|   4|0x00000000ca000000, 0x00000000ca100000, 0x00000000ca100000|100%| O|  |TAMS 0x00000000ca000000| PB 0x00000000ca000000| Untracked |  0
|   5|0x00000000ca100000, 0x00000000ca200000, 0x00000000ca200000|100%| O|  |TAMS 0x00000000ca100000| PB 0x00000000ca100000| Untracked |  0
|   6|0x00000000ca200000, 0x00000000ca300000, 0x00000000ca300000|100%| O|  |TAMS 0x00000000ca200000| PB 0x00000000ca200000| Untracked |  0
|   7|0x00000000ca300000, 0x00000000ca400000, 0x00000000ca400000|100%| O|  |TAMS 0x00000000ca300000| PB 0x00000000ca300000| Untracked |  0
|   8|0x00000000ca400000, 0x00000000ca500000, 0x00000000ca500000|100%| O|  |TAMS 0x00000000ca400000| PB 0x00000000ca400000| Untracked |  0
|   9|0x00000000ca500000, 0x00000000ca600000, 0x00000000ca600000|100%| O|  |TAMS 0x00000000ca500000| PB 0x00000000ca500000| Untracked |  0
|  10|0x00000000ca600000, 0x00000000ca700000, 0x00000000ca700000|100%| O|  |TAMS 0x00000000ca600000| PB 0x00000000ca600000| Untracked |  0
|  11|0x00000000ca700000, 0x00000000ca800000, 0x00000000ca800000|100%| O|  |TAMS 0x00000000ca700000| PB 0x00000000ca700000| Untracked |  0
|  12|0x00000000ca800000, 0x00000000ca900000, 0x00000000ca900000|100%| O|  |TAMS 0x00000000ca800000| PB 0x00000000ca800000| Untracked |  0
|  13|0x00000000ca900000, 0x00000000caa00000, 0x00000000caa00000|100%| O|  |TAMS 0x00000000ca900000| PB 0x00000000ca900000| Untracked |  0
|  14|0x00000000caa00000, 0x00000000cab00000, 0x00000000cab00000|100%| O|  |TAMS 0x00000000caa00000| PB 0x00000000caa00000| Untracked |  0
|  15|0x00000000cab00000, 0x00000000cac00000, 0x00000000cac00000|100%| O|  |TAMS 0x00000000cab00000| PB 0x00000000cab00000| Untracked |  0
|  16|0x00000000cac00000, 0x00000000cad00000, 0x00000000cad00000|100%| O|  |TAMS 0x00000000cac00000| PB 0x00000000cac00000| Untracked |  0
|  17|0x00000000cad00000, 0x00000000cae00000, 0x00000000cae00000|100%| O|  |TAMS 0x00000000cad00000| PB 0x00000000cad00000| Untracked |  0
|  18|0x00000000cae00000, 0x00000000caf00000, 0x00000000caf00000|100%| O|  |TAMS 0x00000000cae00000| PB 0x00000000cae00000| Untracked |  0
|  19|0x00000000caf00000, 0x00000000cb000000, 0x00000000cb000000|100%| O|  |TAMS 0x00000000caf00000| PB 0x00000000caf00000| Untracked |  0
|  20|0x00000000cb000000, 0x00000000cb100000, 0x00000000cb100000|100%| O|  |TAMS 0x00000000cb000000| PB 0x00000000cb000000| Untracked |  0
|  21|0x00000000cb100000, 0x00000000cb200000, 0x00000000cb200000|100%| O|Cm|TAMS 0x00000000cb100000| PB 0x00000000cb100000| Complete |  0
|  22|0x00000000cb200000, 0x00000000cb300000, 0x00000000cb300000|100%| O|  |TAMS 0x00000000cb200000| PB 0x00000000cb200000| Untracked |  0
|  23|0x00000000cb300000, 0x00000000cb400000, 0x00000000cb400000|100%| O|  |TAMS 0x00000000cb300000| PB 0x00000000cb300000| Untracked |  0
|  24|0x00000000cb400000, 0x00000000cb500000, 0x00000000cb500000|100%| O|  |TAMS 0x00000000cb400000| PB 0x00000000cb400000| Untracked |  0
|  25|0x00000000cb500000, 0x00000000cb600000, 0x00000000cb600000|100%| O|  |TAMS 0x00000000cb500000| PB 0x00000000cb500000| Untracked |  0
|  26|0x00000000cb600000, 0x00000000cb700000, 0x00000000cb700000|100%| O|  |TAMS 0x00000000cb600000| PB 0x00000000cb600000| Untracked |  0
|  27|0x00000000cb700000, 0x00000000cb800000, 0x00000000cb800000|100%| O|  |TAMS 0x00000000cb700000| PB 0x00000000cb700000| Untracked |  0
|  28|0x00000000cb800000, 0x00000000cb900000, 0x00000000cb900000|100%| O|  |TAMS 0x00000000cb800000| PB 0x00000000cb800000| Untracked |  0
|  29|0x00000000cb900000, 0x00000000cba00000, 0x00000000cba00000|100%|HS|  |TAMS 0x00000000cb900000| PB 0x00000000cb900000| Complete |  0
|  30|0x00000000cba00000, 0x00000000cbb00000, 0x00000000cbb00000|100%| O|Cm|TAMS 0x00000000cba00000| PB 0x00000000cba00000| Complete |  0
|  31|0x00000000cbb00000, 0x00000000cbc00000, 0x00000000cbc00000|100%| O|  |TAMS 0x00000000cbb00000| PB 0x00000000cbb00000| Untracked |  0
|  32|0x00000000cbc00000, 0x00000000cbd00000, 0x00000000cbd00000|100%|HS|  |TAMS 0x00000000cbc00000| PB 0x00000000cbc00000| Complete |  0
|  33|0x00000000cbd00000, 0x00000000cbe00000, 0x00000000cbe00000|100%| O|  |TAMS 0x00000000cbd00000| PB 0x00000000cbd00000| Untracked |  0
|  34|0x00000000cbe00000, 0x00000000cbf00000, 0x00000000cbf00000|100%| O|  |TAMS 0x00000000cbe00000| PB 0x00000000cbe00000| Untracked |  0
|  35|0x00000000cbf00000, 0x00000000cc000000, 0x00000000cc000000|100%| O|Cm|TAMS 0x00000000cbf00000| PB 0x00000000cbf00000| Complete |  0
|  36|0x00000000cc000000, 0x00000000cc100000, 0x00000000cc100000|100%| O|Cm|TAMS 0x00000000cc000000| PB 0x00000000cc000000| Complete |  0
|  37|0x00000000cc100000, 0x00000000cc200000, 0x00000000cc200000|100%|HS|  |TAMS 0x00000000cc100000| PB 0x00000000cc100000| Complete |  0
|  38|0x00000000cc200000, 0x00000000cc300000, 0x00000000cc300000|100%|HS|  |TAMS 0x00000000cc200000| PB 0x00000000cc200000| Complete |  0
|  39|0x00000000cc300000, 0x00000000cc400000, 0x00000000cc400000|100%|HS|  |TAMS 0x00000000cc300000| PB 0x00000000cc300000| Complete |  0
|  40|0x00000000cc400000, 0x00000000cc500000, 0x00000000cc500000|100%|HS|  |TAMS 0x00000000cc400000| PB 0x00000000cc400000| Complete |  0
|  41|0x00000000cc500000, 0x00000000cc600000, 0x00000000cc600000|100%|HS|  |TAMS 0x00000000cc500000| PB 0x00000000cc500000| Complete |  0
|  42|0x00000000cc600000, 0x00000000cc700000, 0x00000000cc700000|100%|HS|  |TAMS 0x00000000cc600000| PB 0x00000000cc600000| Complete |  0
|  43|0x00000000cc700000, 0x00000000cc800000, 0x00000000cc800000|100%|HS|  |TAMS 0x00000000cc700000| PB 0x00000000cc700000| Complete |  0
|  44|0x00000000cc800000, 0x00000000cc900000, 0x00000000cc900000|100%|HS|  |TAMS 0x00000000cc800000| PB 0x00000000cc800000| Complete |  0
|  45|0x00000000cc900000, 0x00000000cca00000, 0x00000000cca00000|100%|HS|  |TAMS 0x00000000cc900000| PB 0x00000000cc900000| Complete |  0
|  46|0x00000000cca00000, 0x00000000ccb00000, 0x00000000ccb00000|100%|HS|  |TAMS 0x00000000cca00000| PB 0x00000000cca00000| Complete |  0
|  47|0x00000000ccb00000, 0x00000000ccb00000, 0x00000000ccc00000|  0%| F|  |TAMS 0x00000000ccb00000| PB 0x00000000ccb00000| Untracked |  0
|  48|0x00000000ccc00000, 0x00000000ccc00000, 0x00000000ccd00000|  0%| F|  |TAMS 0x00000000ccc00000| PB 0x00000000ccc00000| Untracked |  0
|  49|0x00000000ccd00000, 0x00000000ccd00000, 0x00000000cce00000|  0%| F|  |TAMS 0x00000000ccd00000| PB 0x00000000ccd00000| Untracked |  0
|  50|0x00000000cce00000, 0x00000000cce00000, 0x00000000ccf00000|  0%| F|  |TAMS 0x00000000cce00000| PB 0x00000000cce00000| Untracked |  0
|  51|0x00000000ccf00000, 0x00000000ccf00000, 0x00000000cd000000|  0%| F|  |TAMS 0x00000000ccf00000| PB 0x00000000ccf00000| Untracked |  0
|  52|0x00000000cd000000, 0x00000000cd000000, 0x00000000cd100000|  0%| F|  |TAMS 0x00000000cd000000| PB 0x00000000cd000000| Untracked |  0
|  53|0x00000000cd100000, 0x00000000cd100000, 0x00000000cd200000|  0%| F|  |TAMS 0x00000000cd100000| PB 0x00000000cd100000| Untracked |  0
|  54|0x00000000cd200000, 0x00000000cd200000, 0x00000000cd300000|  0%| F|  |TAMS 0x00000000cd200000| PB 0x00000000cd200000| Untracked |  0
|  55|0x00000000cd300000, 0x00000000cd300000, 0x00000000cd400000|  0%| F|  |TAMS 0x00000000cd300000| PB 0x00000000cd300000| Untracked |  0
|  56|0x00000000cd400000, 0x00000000cd400000, 0x00000000cd500000|  0%| F|  |TAMS 0x00000000cd400000| PB 0x00000000cd400000| Untracked |  0
|  57|0x00000000cd500000, 0x00000000cd500000, 0x00000000cd600000|  0%| F|  |TAMS 0x00000000cd500000| PB 0x00000000cd500000| Untracked |  0
|  58|0x00000000cd600000, 0x00000000cd600000, 0x00000000cd700000|  0%| F|  |TAMS 0x00000000cd600000| PB 0x00000000cd600000| Untracked |  0
|  59|0x00000000cd700000, 0x00000000cd700000, 0x00000000cd800000|  0%| F|  |TAMS 0x00000000cd700000| PB 0x00000000cd700000| Untracked |  0
|  60|0x00000000cd800000, 0x00000000cd800000, 0x00000000cd900000|  0%| F|  |TAMS 0x00000000cd800000| PB 0x00000000cd800000| Untracked |  0
|  61|0x00000000cd900000, 0x00000000cd900000, 0x00000000cda00000|  0%| F|  |TAMS 0x00000000cd900000| PB 0x00000000cd900000| Untracked |  0
|  62|0x00000000cda00000, 0x00000000cda00000, 0x00000000cdb00000|  0%| F|  |TAMS 0x00000000cda00000| PB 0x00000000cda00000| Untracked |  0
|  63|0x00000000cdb00000, 0x00000000cdb00000, 0x00000000cdc00000|  0%| F|  |TAMS 0x00000000cdb00000| PB 0x00000000cdb00000| Untracked |  0
|  64|0x00000000cdc00000, 0x00000000cdc00000, 0x00000000cdd00000|  0%| F|  |TAMS 0x00000000cdc00000| PB 0x00000000cdc00000| Untracked |  0
|  65|0x00000000cdd00000, 0x00000000cdd00000, 0x00000000cde00000|  0%| F|  |TAMS 0x00000000cdd00000| PB 0x00000000cdd00000| Untracked |  0
|  66|0x00000000cde00000, 0x00000000cde00000, 0x00000000cdf00000|  0%| F|  |TAMS 0x00000000cde00000| PB 0x00000000cde00000| Untracked |  0
|  67|0x00000000cdf00000, 0x00000000cdf00000, 0x00000000ce000000|  0%| F|  |TAMS 0x00000000cdf00000| PB 0x00000000cdf00000| Untracked |  0
|  68|0x00000000ce000000, 0x00000000ce000000, 0x00000000ce100000|  0%| F|  |TAMS 0x00000000ce000000| PB 0x00000000ce000000| Untracked |  0
|  69|0x00000000ce100000, 0x00000000ce15bdf0, 0x00000000ce200000| 35%| E|  |TAMS 0x00000000ce100000| PB 0x00000000ce100000| Complete |  0
|  70|0x00000000ce200000, 0x00000000ce300000, 0x00000000ce300000|100%| E|CS|TAMS 0x00000000ce200000| PB 0x00000000ce200000| Complete |  0
|  71|0x00000000ce300000, 0x00000000ce400000, 0x00000000ce400000|100%| E|CS|TAMS 0x00000000ce300000| PB 0x00000000ce300000| Complete |  0
|  72|0x00000000ce400000, 0x00000000ce500000, 0x00000000ce500000|100%| E|CS|TAMS 0x00000000ce400000| PB 0x00000000ce400000| Complete |  0
|  73|0x00000000ce500000, 0x00000000ce600000, 0x00000000ce600000|100%| E|CS|TAMS 0x00000000ce500000| PB 0x00000000ce500000| Complete |  0
|  74|0x00000000ce600000, 0x00000000ce700000, 0x00000000ce700000|100%| E|CS|TAMS 0x00000000ce600000| PB 0x00000000ce600000| Complete |  0
|  75|0x00000000ce700000, 0x00000000ce800000, 0x00000000ce800000|100%| E|CS|TAMS 0x00000000ce700000| PB 0x00000000ce700000| Complete |  0
|  76|0x00000000ce800000, 0x00000000ce900000, 0x00000000ce900000|100%| E|CS|TAMS 0x00000000ce800000| PB 0x00000000ce800000| Complete |  0
|  77|0x00000000ce900000, 0x00000000ce96e5a0, 0x00000000cea00000| 43%| S|CS|TAMS 0x00000000ce900000| PB 0x00000000ce900000| Complete |  0
|  78|0x00000000cea00000, 0x00000000ceb00000, 0x00000000ceb00000|100%| S|CS|TAMS 0x00000000cea00000| PB 0x00000000cea00000| Complete |  0
|  79|0x00000000ceb00000, 0x00000000cec00000, 0x00000000cec00000|100%| E|CS|TAMS 0x00000000ceb00000| PB 0x00000000ceb00000| Complete |  0
|  80|0x00000000cec00000, 0x00000000ced00000, 0x00000000ced00000|100%| E|CS|TAMS 0x00000000cec00000| PB 0x00000000cec00000| Complete |  0
|  81|0x00000000ced00000, 0x00000000cee00000, 0x00000000cee00000|100%| E|CS|TAMS 0x00000000ced00000| PB 0x00000000ced00000| Complete |  0
|  82|0x00000000cee00000, 0x00000000cef00000, 0x00000000cef00000|100%| E|CS|TAMS 0x00000000cee00000| PB 0x00000000cee00000| Complete |  0
|  83|0x00000000cef00000, 0x00000000cf000000, 0x00000000cf000000|100%| E|CS|TAMS 0x00000000cef00000| PB 0x00000000cef00000| Complete |  0
|  84|0x00000000cf000000, 0x00000000cf100000, 0x00000000cf100000|100%| E|CS|TAMS 0x00000000cf000000| PB 0x00000000cf000000| Complete |  0
|  85|0x00000000cf100000, 0x00000000cf200000, 0x00000000cf200000|100%| E|  |TAMS 0x00000000cf100000| PB 0x00000000cf100000| Complete |  0
| 866|0x00000000ffe00000, 0x00000000ffefcac0, 0x00000000fff00000| 98%| O|  |TAMS 0x00000000ffe00000| PB 0x00000000ffe00000| Untracked |  0
| 867|0x00000000fff00000, 0x0000000100000000, 0x0000000100000000|100%| O|Cm|TAMS 0x00000000fff00000| PB 0x00000000fff00000| Complete |  0

Card table byte_map: [0x0000025de70e0000,0x0000025de72a0000] _byte_map_base: 0x0000025de6a92000

Marking Bits: (CMBitMap*) 0x0000025dcf9eed30
 Bits: [0x0000025de72a0000, 0x0000025de8030000)

Polling page: 0x0000025dcda40000

Metaspace:

Usage:
  Non-class:     67.86 MB used.
      Class:     10.89 MB used.
       Both:     78.75 MB used.

Virtual space:
  Non-class space:      128.00 MB reserved,      68.19 MB ( 53%) committed,  2 nodes.
      Class space:        1.00 GB reserved,      11.19 MB (  1%) committed,  1 nodes.
             Both:        1.12 GB reserved,      79.38 MB (  7%) committed. 

Chunk freelists:
   Non-Class:  11.29 MB
       Class:  4.71 MB
        Both:  16.00 MB

MaxMetaspaceSize: unlimited
CompressedClassSpaceSize: 1.00 GB
Initial GC threshold: 21.00 MB
Current GC threshold: 131.06 MB
CDS: on
 - commit_granule_bytes: 65536.
 - commit_granule_words: 8192.
 - virtual_space_node_default_size: 8388608.
 - enlarge_chunks_in_place: 1.
 - use_allocation_guard: 0.


Internal statistics:

num_allocs_failed_limit: 6.
num_arena_births: 1158.
num_arena_deaths: 406.
num_vsnodes_births: 3.
num_vsnodes_deaths: 0.
num_space_committed: 1270.
num_space_uncommitted: 0.
num_chunks_returned_to_freelist: 462.
num_chunks_taken_from_freelist: 4179.
num_chunk_merges: 110.
num_chunk_splits: 2784.
num_chunks_enlarged: 2168.
num_inconsistent_stats: 0.

CodeHeap 'non-profiled nmethods': size=120128Kb used=3188Kb max_used=3324Kb free=116939Kb
 bounds [0x0000025ddfb90000, 0x0000025ddfed0000, 0x0000025de70e0000]
CodeHeap 'profiled nmethods': size=120000Kb used=9638Kb max_used=10388Kb free=110361Kb
 bounds [0x0000025dd80e0000, 0x0000025dd8b10000, 0x0000025ddf610000]
CodeHeap 'non-nmethods': size=5632Kb used=1743Kb max_used=1772Kb free=3888Kb
 bounds [0x0000025ddf610000, 0x0000025ddf880000, 0x0000025ddfb90000]
CodeCache: size=245760Kb, used=14569Kb, max_used=15484Kb, free=231188Kb
 total_blobs=7196, nmethods=6420, adapters=680, full_count=0
Compilation: enabled, stopped_count=0, restarted_count=0

Compilation events (20 events):
Event: 6308.741 Thread 0x0000025dc113aa70 nmethod 8752 0x0000025ddfe6e008 code [0x0000025ddfe6e4e0, 0x0000025ddfe72470]
Event: 6310.445 Thread 0x0000025dc113aa70 8753       4       java.util.concurrent.ThreadPoolExecutor$Worker::lock (6 bytes)
Event: 6310.447 Thread 0x0000025dc113aa70 nmethod 8753 0x0000025ddfccbd08 code [0x0000025ddfccbe00, 0x0000025ddfccbf80]
Event: 6310.447 Thread 0x0000025dc113aa70 8754       4       java.util.concurrent.ThreadPoolExecutor$Worker::tryAcquire (20 bytes)
Event: 6310.448 Thread 0x0000025dc113aa70 nmethod 8754 0x0000025ddfcedf88 code [0x0000025ddfcee080, 0x0000025ddfcee200]
Event: 6339.452 Thread 0x0000025dc113aa70 8755       4       java.util.concurrent.ScheduledThreadPoolExecutor$DelayedWorkQueue::siftUp (64 bytes)
Event: 6339.463 Thread 0x0000025dc113aa70 nmethod 8755 0x0000025ddfbd7088 code [0x0000025ddfbd71e0, 0x0000025ddfbd7788]
Event: 6342.450 Thread 0x0000025dc113aa70 8756       4       java.util.concurrent.ScheduledThreadPoolExecutor$DelayedWorkQueue::add (9 bytes)
Event: 6342.490 Thread 0x0000025dc113aa70 nmethod 8756 0x0000025ddfe7da08 code [0x0000025ddfe7dc20, 0x0000025ddfe7efc8]
Event: 6344.454 Thread 0x0000025dc113aa70 8757   !   4       java.util.concurrent.ScheduledThreadPoolExecutor$DelayedWorkQueue::offer (123 bytes)
Event: 6344.489 Thread 0x0000025dc113aa70 nmethod 8757 0x0000025ddfda1b08 code [0x0000025ddfda1d20, 0x0000025ddfda3140]
Event: 6353.064 Thread 0x0000025dc113aa70 8758       4       java.util.concurrent.ScheduledThreadPoolExecutor$ScheduledFutureTask::run (57 bytes)
Event: 6353.136 Thread 0x0000025dc113aa70 nmethod 8758 0x0000025ddfd12708 code [0x0000025ddfd128a0, 0x0000025ddfd12eb8]
Event: 6354.450 Thread 0x0000025dc113aa70 8759       4       java.util.concurrent.ScheduledThreadPoolExecutor$DelayedWorkQueue::finishPoll (43 bytes)
Event: 6354.464 Thread 0x0000025dc113aa70 nmethod 8759 0x0000025ddfbbaf08 code [0x0000025ddfbbb0a0, 0x0000025ddfbbbb30]
Event: 6355.270 Thread 0x0000025dc113aa70 8760       4       java.util.concurrent.ScheduledThreadPoolExecutor$DelayedWorkQueue::take (5 bytes)
Event: 6355.434 Thread 0x0000025dc113aa70 nmethod 8760 0x0000025ddfe33988 code [0x0000025ddfe33dc0, 0x0000025ddfe377c0]
Event: 6355.434 Thread 0x0000025dc113aa70 8761   !   4       java.util.concurrent.ScheduledThreadPoolExecutor$DelayedWorkQueue::take (203 bytes)
Event: 6355.570 Thread 0x0000025dc113aa70 nmethod 8761 0x0000025ddfe89b08 code [0x0000025ddfe89f40, 0x0000025ddfe8d918]
Event: 6378.887 Thread 0x0000025dc113aa70 8762       4       java.util.concurrent.ScheduledThreadPoolExecutor$DelayedWorkQueue::siftDown (119 bytes)

GC Heap History (20 events):
Event: 16.825 GC heap before
{Heap before GC invocations=23 (full 0):
 garbage-first heap   total reserved 888832K, committed 46080K, used 38351K [0x00000000c9c00000, 0x0000000100000000)
  region size 1024K, 14 young (14336K), 2 survivors (2048K)
 Metaspace       used 60386K, committed 61056K, reserved 1114112K
  class space    used 8193K, committed 8512K, reserved 1048576K
}
Event: 16.830 GC heap after
{Heap after GC invocations=24 (full 0):
 garbage-first heap   total reserved 888832K, committed 55296K, used 27376K [0x00000000c9c00000, 0x0000000100000000)
  region size 1024K, 1 young (1024K), 1 survivors (1024K)
 Metaspace       used 60386K, committed 61056K, reserved 1114112K
  class space    used 8193K, committed 8512K, reserved 1048576K
}
Event: 17.958 GC heap before
{Heap before GC invocations=24 (full 0):
 garbage-first heap   total reserved 888832K, committed 55296K, used 49904K [0x00000000c9c00000, 0x0000000100000000)
  region size 1024K, 23 young (23552K), 1 survivors (1024K)
 Metaspace       used 65069K, committed 65600K, reserved 1114112K
  class space    used 8835K, committed 9088K, reserved 1048576K
}
Event: 17.965 GC heap after
{Heap after GC invocations=25 (full 0):
 garbage-first heap   total reserved 888832K, committed 55296K, used 29560K [0x00000000c9c00000, 0x0000000100000000)
  region size 1024K, 3 young (3072K), 3 survivors (3072K)
 Metaspace       used 65069K, committed 65600K, reserved 1114112K
  class space    used 8835K, committed 9088K, reserved 1048576K
}
Event: 19.848 GC heap before
{Heap before GC invocations=25 (full 0):
 garbage-first heap   total reserved 888832K, committed 55296K, used 47992K [0x00000000c9c00000, 0x0000000100000000)
  region size 1024K, 21 young (21504K), 3 survivors (3072K)
 Metaspace       used 67100K, committed 67712K, reserved 1114112K
  class space    used 9148K, committed 9408K, reserved 1048576K
}
Event: 19.858 GC heap after
{Heap after GC invocations=26 (full 0):
 garbage-first heap   total reserved 888832K, committed 55296K, used 31433K [0x00000000c9c00000, 0x0000000100000000)
  region size 1024K, 2 young (2048K), 2 survivors (2048K)
 Metaspace       used 67100K, committed 67712K, reserved 1114112K
  class space    used 9148K, committed 9408K, reserved 1048576K
}
Event: 21.050 GC heap before
{Heap before GC invocations=26 (full 0):
 garbage-first heap   total reserved 888832K, committed 55296K, used 48841K [0x00000000c9c00000, 0x0000000100000000)
  region size 1024K, 19 young (19456K), 2 survivors (2048K)
 Metaspace       used 69447K, committed 70016K, reserved 1114112K
  class space    used 9529K, committed 9792K, reserved 1048576K
}
Event: 21.064 GC heap after
{Heap after GC invocations=27 (full 0):
 garbage-first heap   total reserved 888832K, committed 55296K, used 33684K [0x00000000c9c00000, 0x0000000100000000)
  region size 1024K, 2 young (2048K), 2 survivors (2048K)
 Metaspace       used 69447K, committed 70016K, reserved 1114112K
  class space    used 9529K, committed 9792K, reserved 1048576K
}
Event: 22.439 GC heap before
{Heap before GC invocations=28 (full 0):
 garbage-first heap   total reserved 888832K, committed 56320K, used 49044K [0x00000000c9c00000, 0x0000000100000000)
  region size 1024K, 17 young (17408K), 2 survivors (2048K)
 Metaspace       used 70924K, committed 71616K, reserved 1114112K
  class space    used 9823K, committed 10112K, reserved 1048576K
}
Event: 22.459 GC heap after
{Heap after GC invocations=29 (full 0):
 garbage-first heap   total reserved 888832K, committed 56320K, used 35377K [0x00000000c9c00000, 0x0000000100000000)
  region size 1024K, 2 young (2048K), 2 survivors (2048K)
 Metaspace       used 70924K, committed 71616K, reserved 1114112K
  class space    used 9823K, committed 10112K, reserved 1048576K
}
Event: 23.471 GC heap before
{Heap before GC invocations=29 (full 0):
 garbage-first heap   total reserved 888832K, committed 56320K, used 49713K [0x00000000c9c00000, 0x0000000100000000)
  region size 1024K, 16 young (16384K), 2 survivors (2048K)
 Metaspace       used 72536K, committed 73280K, reserved 1114112K
  class space    used 10045K, committed 10368K, reserved 1048576K
}
Event: 23.489 GC heap after
{Heap after GC invocations=30 (full 0):
 garbage-first heap   total reserved 888832K, committed 56320K, used 36997K [0x00000000c9c00000, 0x0000000100000000)
  region size 1024K, 2 young (2048K), 2 survivors (2048K)
 Metaspace       used 72536K, committed 73280K, reserved 1114112K
  class space    used 10045K, committed 10368K, reserved 1048576K
}
Event: 666.915 GC heap before
{Heap before GC invocations=30 (full 0):
 garbage-first heap   total reserved 888832K, committed 56320K, used 49285K [0x00000000c9c00000, 0x0000000100000000)
  region size 1024K, 14 young (14336K), 2 survivors (2048K)
 Metaspace       used 75214K, committed 75968K, reserved 1179648K
  class space    used 10412K, committed 10752K, reserved 1048576K
}
Event: 667.070 GC heap after
{Heap after GC invocations=31 (full 0):
 garbage-first heap   total reserved 888832K, committed 56320K, used 38668K [0x00000000c9c00000, 0x0000000100000000)
  region size 1024K, 2 young (2048K), 2 survivors (2048K)
 Metaspace       used 75214K, committed 75968K, reserved 1179648K
  class space    used 10412K, committed 10752K, reserved 1048576K
}
Event: 669.149 GC heap before
{Heap before GC invocations=32 (full 0):
 garbage-first heap   total reserved 888832K, committed 66560K, used 64268K [0x00000000c9c00000, 0x0000000100000000)
  region size 1024K, 12 young (12288K), 2 survivors (2048K)
 Metaspace       used 78070K, committed 78848K, reserved 1179648K
  class space    used 10834K, committed 11200K, reserved 1048576K
}
Event: 669.157 GC heap after
{Heap after GC invocations=33 (full 0):
 garbage-first heap   total reserved 888832K, committed 82944K, used 47838K [0x00000000c9c00000, 0x0000000100000000)
  region size 1024K, 1 young (1024K), 1 survivors (1024K)
 Metaspace       used 78070K, committed 78848K, reserved 1179648K
  class space    used 10834K, committed 11200K, reserved 1048576K
}
Event: 1347.867 GC heap before
{Heap before GC invocations=33 (full 0):
 garbage-first heap   total reserved 888832K, committed 87040K, used 85726K [0x00000000c9c00000, 0x0000000100000000)
  region size 1024K, 13 young (13312K), 1 survivors (1024K)
 Metaspace       used 79626K, committed 80448K, reserved 1179648K
  class space    used 11063K, committed 11456K, reserved 1048576K
}
Event: 1348.036 GC heap after
{Heap after GC invocations=34 (full 0):
 garbage-first heap   total reserved 888832K, committed 90112K, used 48004K [0x00000000c9c00000, 0x0000000100000000)
  region size 1024K, 2 young (2048K), 2 survivors (2048K)
 Metaspace       used 79626K, committed 80448K, reserved 1179648K
  class space    used 11063K, committed 11456K, reserved 1048576K
}
Event: 1352.435 GC heap before
{Heap before GC invocations=34 (full 0):
 garbage-first heap   total reserved 888832K, committed 90112K, used 48004K [0x00000000c9c00000, 0x0000000100000000)
  region size 1024K, 3 young (3072K), 2 survivors (2048K)
 Metaspace       used 79677K, committed 80512K, reserved 1179648K
  class space    used 11063K, committed 11456K, reserved 1048576K
}
Event: 1352.470 GC heap after
{Heap after GC invocations=35 (full 0):
 garbage-first heap   total reserved 888832K, committed 90112K, used 39340K [0x00000000c9c00000, 0x0000000100000000)
  region size 1024K, 2 young (2048K), 2 survivors (2048K)
 Metaspace       used 79677K, committed 80512K, reserved 1179648K
  class space    used 11063K, committed 11456K, reserved 1048576K
}

Dll operation events (14 events):
Event: 0.037 Loaded shared library C:\Program Files\Java\jdk-23\bin\java.dll
Event: 0.148 Loaded shared library C:\Program Files\Java\jdk-23\bin\jsvml.dll
Event: 0.472 Loaded shared library C:\Program Files\Java\jdk-23\bin\zip.dll
Event: 0.479 Loaded shared library C:\Program Files\Java\jdk-23\bin\instrument.dll
Event: 0.489 Loaded shared library C:\Program Files\Java\jdk-23\bin\net.dll
Event: 0.493 Loaded shared library C:\Program Files\Java\jdk-23\bin\nio.dll
Event: 0.499 Loaded shared library C:\Program Files\Java\jdk-23\bin\zip.dll
Event: 0.904 Loaded shared library C:\Program Files\JetBrains\IntelliJ IDEA Community Edition 2024.2.4\bin\breakgen64.dll
Event: 0.934 Loaded shared library C:\Program Files\Java\jdk-23\bin\extnet.dll
Event: 0.997 Loaded shared library C:\Program Files\Java\jdk-23\bin\jimage.dll
Event: 3.192 Loaded shared library C:\Program Files\Java\jdk-23\bin\sunmscapi.dll
Event: 11.819 Loaded shared library C:\Program Files\Java\jdk-23\bin\management.dll
Event: 11.821 Loaded shared library C:\Program Files\Java\jdk-23\bin\management_ext.dll
Event: 13.944 Loaded shared library C:\Program Files\Java\jdk-23\bin\verify.dll

Deoptimization events (20 events):
Event: 6343.074 Thread 0x0000025dc6f46130 Uncommon trap: trap_request=0xffffffd6 fr.pc=0x0000025ddfe7e9bc relative=0x0000000000000d9c
Event: 6343.074 Thread 0x0000025dc6f46130 Uncommon trap: reason=array_check action=maybe_recompile pc=0x0000025ddfe7e9bc method=java.util.concurrent.ScheduledThreadPoolExecutor$DelayedWorkQueue.siftUp(ILjava/util/concurrent/RunnableScheduledFuture;)V @ 57 c2
Event: 6343.074 Thread 0x0000025dc6f46130 DEOPT PACKING pc=0x0000025ddfe7e9bc sp=0x000000bf3affef90
Event: 6343.074 Thread 0x0000025dc6f46130 DEOPT UNPACKING pc=0x0000025ddf664402 sp=0x000000bf3affee00 mode 2
Event: 6343.450 Thread 0x0000025dc6f45410 Uncommon trap: trap_request=0xffffffd6 fr.pc=0x0000025ddfe7e9bc relative=0x0000000000000d9c
Event: 6343.450 Thread 0x0000025dc6f45410 Uncommon trap: reason=array_check action=maybe_recompile pc=0x0000025ddfe7e9bc method=java.util.concurrent.ScheduledThreadPoolExecutor$DelayedWorkQueue.siftUp(ILjava/util/concurrent/RunnableScheduledFuture;)V @ 57 c2
Event: 6343.450 Thread 0x0000025dc6f45410 DEOPT PACKING pc=0x0000025ddfe7e9bc sp=0x000000bf3aefee40
Event: 6343.451 Thread 0x0000025dc6f45410 DEOPT UNPACKING pc=0x0000025ddf664402 sp=0x000000bf3aefecb0 mode 2
Event: 6344.454 Thread 0x0000025dc6f46130 Uncommon trap: trap_request=0xffffffd6 fr.pc=0x0000025ddfbd7640 relative=0x0000000000000460
Event: 6344.454 Thread 0x0000025dc6f46130 Uncommon trap: reason=array_check action=maybe_recompile pc=0x0000025ddfbd7640 method=java.util.concurrent.ScheduledThreadPoolExecutor$DelayedWorkQueue.siftUp(ILjava/util/concurrent/RunnableScheduledFuture;)V @ 39 c2
Event: 6344.454 Thread 0x0000025dc6f46130 DEOPT PACKING pc=0x0000025ddfbd7640 sp=0x000000bf3affee20
Event: 6344.454 Thread 0x0000025dc6f46130 DEOPT UNPACKING pc=0x0000025ddf664402 sp=0x000000bf3affedd8 mode 2
Event: 6355.268 Thread 0x0000025dc6f46130 Uncommon trap: trap_request=0xffffffd6 fr.pc=0x0000025ddfbbb668 relative=0x00000000000005c8
Event: 6355.268 Thread 0x0000025dc6f46130 Uncommon trap: reason=array_check action=maybe_recompile pc=0x0000025ddfbbb668 method=java.util.concurrent.ScheduledThreadPoolExecutor$DelayedWorkQueue.siftDown(ILjava/util/concurrent/RunnableScheduledFuture;)V @ 112 c2
Event: 6355.268 Thread 0x0000025dc6f46130 DEOPT PACKING pc=0x0000025ddfbbb668 sp=0x000000bf3affee70
Event: 6355.268 Thread 0x0000025dc6f46130 DEOPT UNPACKING pc=0x0000025ddf664402 sp=0x000000bf3affedb0 mode 2
Event: 6355.270 Thread 0x0000025dc6f46130 Uncommon trap: trap_request=0xffffffd6 fr.pc=0x0000025ddfbbb668 relative=0x00000000000005c8
Event: 6355.270 Thread 0x0000025dc6f46130 Uncommon trap: reason=array_check action=maybe_recompile pc=0x0000025ddfbbb668 method=java.util.concurrent.ScheduledThreadPoolExecutor$DelayedWorkQueue.siftDown(ILjava/util/concurrent/RunnableScheduledFuture;)V @ 112 c2
Event: 6355.270 Thread 0x0000025dc6f46130 DEOPT PACKING pc=0x0000025ddfbbb668 sp=0x000000bf3affee70
Event: 6355.270 Thread 0x0000025dc6f46130 DEOPT UNPACKING pc=0x0000025ddf664402 sp=0x000000bf3affedb0 mode 2

Classes loaded (20 events):
Event: 1359.085 Loading class java/security/spec/InvalidKeySpecException
Event: 1359.086 Loading class java/security/spec/InvalidKeySpecException done
Event: 1359.086 Loading class java/security/spec/RSAMultiPrimePrivateCrtKeySpec
Event: 1359.087 Loading class java/security/spec/RSAMultiPrimePrivateCrtKeySpec done
Event: 1359.095 Loading class java/security/InvalidKeyException
Event: 1359.099 Loading class java/security/KeyException
Event: 1359.100 Loading class java/security/KeyException done
Event: 1359.100 Loading class java/security/InvalidKeyException done
Event: 1359.101 Loading class java/security/SignatureException
Event: 1359.101 Loading class java/security/SignatureException done
Event: 1359.111 Loading class java/time/Instant$1
Event: 1359.112 Loading class java/time/Instant$1 done
Event: 1359.194 Loading class java/util/Base64$Decoder
Event: 1359.195 Loading class java/util/Base64$Decoder done
Event: 1769.844 Loading class javax/crypto/NoSuchPaddingException
Event: 1769.850 Loading class javax/crypto/NoSuchPaddingException done
Event: 1769.852 Loading class javax/crypto/IllegalBlockSizeException
Event: 1769.855 Loading class javax/crypto/IllegalBlockSizeException done
Event: 1769.856 Loading class javax/crypto/BadPaddingException
Event: 1769.858 Loading class javax/crypto/BadPaddingException done

Classes unloaded (20 events):
Event: 1352.794 Thread 0x0000025dcfa6a230 Unloading class 0x0000025d81118000 'java/lang/invoke/LambdaForm$MH+0x0000025d81118000'
Event: 1352.795 Thread 0x0000025dcfa6a230 Unloading class 0x0000025d81109000 'java/lang/invoke/LambdaForm$MH+0x0000025d81109000'
Event: 1352.795 Thread 0x0000025dcfa6a230 Unloading class 0x0000025d81108c00 'java/lang/invoke/LambdaForm$MH+0x0000025d81108c00'
Event: 1352.795 Thread 0x0000025dcfa6a230 Unloading class 0x0000025d8108a400 'java/lang/invoke/LambdaForm$MH+0x0000025d8108a400'
Event: 1352.795 Thread 0x0000025dcfa6a230 Unloading class 0x0000025d8103c000 'java/lang/invoke/LambdaForm$MH+0x0000025d8103c000'
Event: 1352.795 Thread 0x0000025dcfa6a230 Unloading class 0x0000025d81019400 'java/lang/invoke/LambdaForm$MH+0x0000025d81019400'
Event: 1352.795 Thread 0x0000025dcfa6a230 Unloading class 0x0000025d81018800 'java/lang/invoke/LambdaForm$MH+0x0000025d81018800'
Event: 1352.795 Thread 0x0000025dcfa6a230 Unloading class 0x0000025d81018400 'java/lang/invoke/LambdaForm$MH+0x0000025d81018400'
Event: 1352.795 Thread 0x0000025dcfa6a230 Unloading class 0x0000025d81017c00 'java/lang/invoke/LambdaForm$MH+0x0000025d81017c00'
Event: 1352.795 Thread 0x0000025dcfa6a230 Unloading class 0x0000025d81017800 'java/lang/invoke/LambdaForm$MH+0x0000025d81017800'
Event: 1352.795 Thread 0x0000025dcfa6a230 Unloading class 0x0000025d81017400 'java/lang/invoke/LambdaForm$MH+0x0000025d81017400'
Event: 1352.795 Thread 0x0000025dcfa6a230 Unloading class 0x0000025d81016400 'java/lang/invoke/LambdaForm$MH+0x0000025d81016400'
Event: 1352.795 Thread 0x0000025dcfa6a230 Unloading class 0x0000025d81015400 'java/lang/invoke/LambdaForm$MH+0x0000025d81015400'
Event: 1352.795 Thread 0x0000025dcfa6a230 Unloading class 0x0000025d81014c00 'java/lang/invoke/LambdaForm$MH+0x0000025d81014c00'
Event: 1352.795 Thread 0x0000025dcfa6a230 Unloading class 0x0000025d81014400 'java/lang/invoke/LambdaForm$MH+0x0000025d81014400'
Event: 1352.795 Thread 0x0000025dcfa6a230 Unloading class 0x0000025d81014000 'java/lang/invoke/LambdaForm$MH+0x0000025d81014000'
Event: 1352.795 Thread 0x0000025dcfa6a230 Unloading class 0x0000025d81002000 'java/lang/invoke/LambdaForm$MH+0x0000025d81002000'
Event: 1352.795 Thread 0x0000025dcfa6a230 Unloading class 0x0000025d81001c00 'java/lang/invoke/LambdaForm$MH+0x0000025d81001c00'
Event: 1352.795 Thread 0x0000025dcfa6a230 Unloading class 0x0000025d81001800 'java/lang/invoke/LambdaForm$MH+0x0000025d81001800'
Event: 1352.795 Thread 0x0000025dcfa6a230 Unloading class 0x0000025d81001000 'java/lang/invoke/LambdaForm$MH+0x0000025d81001000'

Classes redefined (0 events):
No events

Internal exceptions (20 events):
Event: 671.558 Thread 0x0000025dc976d7d0 Exception <a 'java/lang/NoSuchMethodError'{0x00000000ce775a20}: 'long java.lang.invoke.DelegatingMethodHandle$Holder.reinvoke_L(java.lang.Object, java.lang.Object)'> (0x00000000ce775a20) 
thrown [s\open\src\hotspot\share\interpreter\linkResolver.cpp, line 796]
Event: 754.407 Thread 0x0000025dca07bb10 Exception <a 'java/lang/NoSuchMethodError'{0x00000000ce40d298}: 'java.lang.Object java.lang.invoke.DirectMethodHandle$Holder.invokeInterface(java.lang.Object, java.lang.Object, java.lang.Object, java.lang.Object, java.lang.Object)'> (0x00000000ce40d298) 
thrown [s\open\src\hotspot\share\interpreter\linkResolver.cpp, line 796]
Event: 754.688 Thread 0x0000025dca07bb10 Exception <a 'java/lang/NoSuchMethodError'{0x00000000ce45c160}: 'void java.lang.invoke.DirectMethodHandle$Holder.invokeSpecialIFC(java.lang.Object, java.lang.Object, int, java.lang.Object, java.lang.Object, java.lang.Object, java.lang.Object)'> (0x00000000ce45c160) 
thrown [s\open\src\hotspot\share\interpreter\linkResolver.cpp, line 796]
Event: 754.810 Thread 0x0000025dca07c1a0 Exception <a 'java/lang/NoSuchMethodError'{0x00000000ce4d4cb0}: 'java.lang.Object java.lang.invoke.DirectMethodHandle$Holder.invokeVirtual(java.lang.Object, java.lang.Object, java.lang.Object, java.lang.Object, java.lang.Object, java.lang.Object, java.lang.Object, java.lang.Object, java.lang.Object)'> (0x00000000ce4d4cb0) 
thrown [s\open\src\hotspot\share\interpreter\linkResolver.cpp, line 796]
Event: 754.893 Thread 0x0000025dca07bb10 Implicit null exception at 0x0000025ddfdd5d8e to 0x0000025ddfdd66d4
Event: 754.893 Thread 0x0000025dca07bb10 Implicit null exception at 0x0000025ddfe6b324 to 0x0000025ddfe6bfd8
Event: 754.895 Thread 0x0000025dca07bb10 Implicit null exception at 0x0000025ddfdd790a to 0x0000025ddfdd83d4
Event: 754.924 Thread 0x0000025dca07bb10 Implicit null exception at 0x0000025ddfdd907e to 0x0000025ddfdd9a1c
Event: 754.924 Thread 0x0000025dca07bb10 Implicit null exception at 0x0000025ddfdda96c to 0x0000025ddfddb144
Event: 754.925 Thread 0x0000025dca07bb10 Implicit null exception at 0x0000025ddfd9ef4e to 0x0000025ddfd9f3c0
Event: 755.197 Thread 0x0000025dca07c1a0 Exception <a 'java/lang/NoSuchMethodError'{0x00000000ce2cced0}: 'double java.lang.invoke.DelegatingMethodHandle$Holder.reinvoke_L(java.lang.Object, java.lang.Object)'> (0x00000000ce2cced0) 
thrown [s\open\src\hotspot\share\interpreter\linkResolver.cpp, line 796]
Event: 755.198 Thread 0x0000025dca07c1a0 Exception <a 'java/lang/NoSuchMethodError'{0x00000000ce2d7be8}: 'void java.lang.invoke.DelegatingMethodHandle$Holder.reinvoke_L(java.lang.Object, java.lang.Object, double)'> (0x00000000ce2d7be8) 
thrown [s\open\src\hotspot\share\interpreter\linkResolver.cpp, line 796]
Event: 755.358 Thread 0x0000025dca07c1a0 Exception <a 'java/lang/NoSuchMethodError'{0x00000000ce13f550}: 'double java.lang.invoke.DirectMethodHandle$Holder.invokeVirtual(java.lang.Object, java.lang.Object)'> (0x00000000ce13f550) 
thrown [s\open\src\hotspot\share\interpreter\linkResolver.cpp, line 796]
Event: 1356.907 Thread 0x0000025dc976d7d0 Implicit null exception at 0x0000025ddfdc7b58 to 0x0000025ddfdd0700
Event: 1357.057 Thread 0x0000025dc9771970 Implicit null exception at 0x0000025ddfe1de2f to 0x0000025ddfe1e278
Event: 1357.727 Thread 0x0000025dc976d7d0 Implicit null exception at 0x0000025ddfd388e1 to 0x0000025ddfd389d5
Event: 1359.126 Thread 0x0000025dca07bb10 Implicit null exception at 0x0000025ddfd68a90 to 0x0000025ddfd68de0
Event: 1359.126 Thread 0x0000025dc976d7d0 Implicit null exception at 0x0000025ddfdf03fb to 0x0000025ddfdf0d28
Event: 1359.126 Thread 0x0000025dc976d7d0 Implicit null exception at 0x0000025ddfcf9b30 to 0x0000025ddfcf9fcd
Event: 1359.172 Thread 0x0000025dca07bb10 Implicit null exception at 0x0000025ddfdfc40b to 0x0000025ddfdfc74e

VM Operations (20 events):
Event: 1352.434 Executing VM operation: G1TryInitiateConcMark (G1 Humongous Allocation)
Event: 1352.471 Executing VM operation: G1TryInitiateConcMark (G1 Humongous Allocation) done
Event: 1352.773 Executing VM operation: G1PauseRemark
Event: 1353.574 Executing VM operation: G1PauseRemark done
Event: 1353.606 Executing VM operation: G1PauseCleanup
Event: 1353.628 Executing VM operation: G1PauseCleanup done
Event: 1357.590 Executing VM operation: HandshakeAllThreads (Deoptimize)
Event: 1357.590 Executing VM operation: HandshakeAllThreads (Deoptimize) done
Event: 1383.082 Executing VM operation: HandshakeAllThreads (HandshakeForDeflation)
Event: 1383.082 Executing VM operation: HandshakeAllThreads (HandshakeForDeflation) done
Event: 1383.082 Executing VM operation: RendezvousGCThreads
Event: 1383.082 Executing VM operation: RendezvousGCThreads done
Event: 6049.502 Executing VM operation: HandshakeAllThreads (HandshakeForDeflation)
Event: 6049.505 Executing VM operation: HandshakeAllThreads (HandshakeForDeflation) done
Event: 6049.505 Executing VM operation: RendezvousGCThreads
Event: 6049.505 Executing VM operation: RendezvousGCThreads done
Event: 6109.569 Executing VM operation: HandshakeAllThreads (HandshakeForDeflation)
Event: 6109.570 Executing VM operation: HandshakeAllThreads (HandshakeForDeflation) done
Event: 6109.570 Executing VM operation: RendezvousGCThreads
Event: 6109.570 Executing VM operation: RendezvousGCThreads done

Memory protections (0 events):
No events

Nmethod flushes (20 events):
Event: 1353.454 Thread 0x0000025dcfa6a230 flushing  nmethod 0x0000025dd8859588
Event: 1353.454 Thread 0x0000025dcfa6a230 flushing  nmethod 0x0000025dd8884808
Event: 1353.454 Thread 0x0000025dcfa6a230 flushing  nmethod 0x0000025dd8884e08
Event: 1353.454 Thread 0x0000025dcfa6a230 flushing  nmethod 0x0000025dd8899208
Event: 1353.454 Thread 0x0000025dcfa6a230 flushing  nmethod 0x0000025dd8899a08
Event: 1353.454 Thread 0x0000025dcfa6a230 flushing  nmethod 0x0000025dd8899d88
Event: 1353.454 Thread 0x0000025dcfa6a230 flushing  nmethod 0x0000025dd88a0208
Event: 1353.454 Thread 0x0000025dcfa6a230 flushing  nmethod 0x0000025dd88b3808
Event: 1353.454 Thread 0x0000025dcfa6a230 flushing  nmethod 0x0000025dd88b6d88
Event: 1353.454 Thread 0x0000025dcfa6a230 flushing  nmethod 0x0000025dd88b7508
Event: 1353.454 Thread 0x0000025dcfa6a230 flushing  nmethod 0x0000025dd88bec88
Event: 1353.455 Thread 0x0000025dcfa6a230 flushing  nmethod 0x0000025dd8932708
Event: 1353.455 Thread 0x0000025dcfa6a230 flushing  nmethod 0x0000025dd894bd88
Event: 1353.455 Thread 0x0000025dcfa6a230 flushing  nmethod 0x0000025dd8976d88
Event: 1353.455 Thread 0x0000025dcfa6a230 flushing  nmethod 0x0000025dd8981588
Event: 1353.455 Thread 0x0000025dcfa6a230 flushing  nmethod 0x0000025dd89d5e88
Event: 1353.455 Thread 0x0000025dcfa6a230 flushing  nmethod 0x0000025dd89d6188
Event: 1353.455 Thread 0x0000025dcfa6a230 flushing  nmethod 0x0000025dd89dbf88
Event: 1353.455 Thread 0x0000025dcfa6a230 flushing  nmethod 0x0000025dd8a0df88
Event: 1353.455 Thread 0x0000025dcfa6a230 flushing  nmethod 0x0000025dd8a58808

Events (20 events):
Event: 1777.161 Thread 0x0000025dc9770c50 Thread added: 0x0000025dca07d550
Event: 1777.165 Thread 0x0000025dca07d550 Thread added: 0x0000025dca0793b0
Event: 1787.453 Thread 0x0000025dca07d550 Thread exited: 0x0000025dca07d550
Event: 1787.515 Thread 0x0000025dca0793b0 Thread exited: 0x0000025dca0793b0
Event: 1790.618 Thread 0x0000025dc9770c50 Thread added: 0x0000025dca07b480
Event: 1790.641 Thread 0x0000025dca07b480 Thread added: 0x0000025dca07a760
Event: 1796.219 Thread 0x0000025dca07b480 Thread exited: 0x0000025dca07b480
Event: 1796.260 Thread 0x0000025dca07a760 Thread exited: 0x0000025dca07a760
Event: 1807.058 Thread 0x0000025dc9770c50 Thread added: 0x0000025dca0793b0
Event: 1807.082 Thread 0x0000025dca0793b0 Thread added: 0x0000025dca07cec0
Event: 1812.088 Thread 0x0000025dca0793b0 Thread exited: 0x0000025dca0793b0
Event: 1812.176 Thread 0x0000025dca07cec0 Thread exited: 0x0000025dca07cec0
Event: 5958.004 Thread 0x0000025dc9770c50 Thread added: 0x0000025dca07d550
Event: 5958.537 Thread 0x0000025dca07d550 Thread added: 0x0000025dca0793b0
Event: 5963.608 Thread 0x0000025dca07d550 Thread exited: 0x0000025dca07d550
Event: 5964.888 Thread 0x0000025dca0793b0 Thread exited: 0x0000025dca0793b0
Event: 6004.413 Thread 0x0000025dc9771970 Thread added: 0x0000025dca07adf0
Event: 6004.428 Thread 0x0000025dca07adf0 Thread exited: 0x0000025dca07adf0
Event: 6004.907 Thread 0x0000025dc9771970 Thread added: 0x0000025dca07ef90
Event: 6014.958 Thread 0x0000025dca07ef90 Thread exited: 0x0000025dca07ef90


Dynamic libraries:
0x00007ff638510000 - 0x00007ff638520000 	C:\Program Files\Java\jdk-23\bin\java.exe
0x00007ffa06bd0000 - 0x00007ffa06de7000 	C:\WINDOWS\SYSTEM32\ntdll.dll
0x00007ffa06100000 - 0x00007ffa061c4000 	C:\WINDOWS\System32\KERNEL32.DLL
0x00007ffa04040000 - 0x00007ffa043f9000 	C:\WINDOWS\System32\KERNELBASE.dll
0x00007ffa044d0000 - 0x00007ffa045e1000 	C:\WINDOWS\System32\ucrtbase.dll
0x00007ff9ed040000 - 0x00007ff9ed057000 	C:\Program Files\Java\jdk-23\bin\jli.dll
0x00007ffa061e0000 - 0x00007ffa0638e000 	C:\WINDOWS\System32\USER32.dll
0x00007ffa045f0000 - 0x00007ffa04616000 	C:\WINDOWS\System32\win32u.dll
0x00007ffa06040000 - 0x00007ffa06069000 	C:\WINDOWS\System32\GDI32.dll
0x00007ffa047d0000 - 0x00007ffa048eb000 	C:\WINDOWS\System32\gdi32full.dll
0x00007ffa04400000 - 0x00007ffa0449a000 	C:\WINDOWS\System32\msvcp_win.dll
0x00007ff9ed020000 - 0x00007ff9ed03b000 	C:\Program Files\Java\jdk-23\bin\VCRUNTIME140.dll
0x00007ff9f3a70000 - 0x00007ff9f3d02000 	C:\WINDOWS\WinSxS\amd64_microsoft.windows.common-controls_6595b64144ccf1df_6.0.22621.4391_none_2715d37f73803e96\COMCTL32.dll
0x00007ffa06ae0000 - 0x00007ffa06b87000 	C:\WINDOWS\System32\msvcrt.dll
0x00007ffa06a40000 - 0x00007ffa06a71000 	C:\WINDOWS\System32\IMM32.DLL
0x00007ff9ed010000 - 0x00007ff9ed01c000 	C:\Program Files\Java\jdk-23\bin\vcruntime140_1.dll
0x00007ff9ea660000 - 0x00007ff9ea6ee000 	C:\Program Files\Java\jdk-23\bin\msvcp140.dll
0x00007ff957e90000 - 0x00007ff958bdf000 	C:\Program Files\Java\jdk-23\bin\server\jvm.dll
0x00007ffa04970000 - 0x00007ffa04a22000 	C:\WINDOWS\System32\ADVAPI32.dll
0x00007ffa06970000 - 0x00007ffa06a17000 	C:\WINDOWS\System32\sechost.dll
0x00007ffa044a0000 - 0x00007ffa044c8000 	C:\WINDOWS\System32\bcrypt.dll
0x00007ffa05360000 - 0x00007ffa05474000 	C:\WINDOWS\System32\RPCRT4.dll
0x00007ffa048f0000 - 0x00007ffa04961000 	C:\WINDOWS\System32\WS2_32.dll
0x00007ffa03da0000 - 0x00007ffa03ded000 	C:\WINDOWS\SYSTEM32\POWRPROF.dll
0x00007ff9fdad0000 - 0x00007ff9fdada000 	C:\WINDOWS\SYSTEM32\VERSION.dll
0x00007ff9fe200000 - 0x00007ff9fe234000 	C:\WINDOWS\SYSTEM32\WINMM.dll
0x00007ffa03d80000 - 0x00007ffa03d93000 	C:\WINDOWS\SYSTEM32\UMPDC.dll
0x00007ffa02f10000 - 0x00007ffa02f28000 	C:\WINDOWS\SYSTEM32\kernel.appcore.dll
0x00007ff9ed000000 - 0x00007ff9ed00a000 	C:\Program Files\Java\jdk-23\bin\jimage.dll
0x00007ff9fbb00000 - 0x00007ff9fbd32000 	C:\WINDOWS\SYSTEM32\DBGHELP.DLL
0x00007ffa06520000 - 0x00007ffa068af000 	C:\WINDOWS\System32\combase.dll
0x00007ffa05ac0000 - 0x00007ffa05b97000 	C:\WINDOWS\System32\OLEAUT32.dll
0x00007ff9ec320000 - 0x00007ff9ec352000 	C:\WINDOWS\SYSTEM32\dbgcore.DLL
0x00007ffa046e0000 - 0x00007ffa0475b000 	C:\WINDOWS\System32\bcryptPrimitives.dll
0x00007ff9ecfe0000 - 0x00007ff9ecfef000 	C:\Program Files\Java\jdk-23\bin\instrument.dll
0x00007ff9ece60000 - 0x00007ff9ece7e000 	C:\Program Files\Java\jdk-23\bin\java.dll
0x00007ffa057a0000 - 0x00007ffa05945000 	C:\WINDOWS\System32\ole32.dll
0x00007ffa04a30000 - 0x00007ffa052a6000 	C:\WINDOWS\System32\SHELL32.dll
0x00007ffa01e10000 - 0x00007ffa02713000 	C:\WINDOWS\SYSTEM32\windows.storage.dll
0x00007ffa01cd0000 - 0x00007ffa01e0f000 	C:\WINDOWS\SYSTEM32\wintypes.dll
0x00007ffa059c0000 - 0x00007ffa05ab9000 	C:\WINDOWS\System32\SHCORE.dll
0x00007ffa068b0000 - 0x00007ffa0690e000 	C:\WINDOWS\System32\shlwapi.dll
0x00007ffa03e00000 - 0x00007ffa03e2b000 	C:\WINDOWS\SYSTEM32\profapi.dll
0x00007ff9db440000 - 0x00007ff9db517000 	C:\Program Files\Java\jdk-23\bin\jsvml.dll
0x00007ff9ebb80000 - 0x00007ff9ebb97000 	C:\Program Files\Java\jdk-23\bin\zip.dll
0x00007ff9ecfd0000 - 0x00007ff9ecfe0000 	C:\Program Files\Java\jdk-23\bin\net.dll
0x00007ffa03390000 - 0x00007ffa033f9000 	C:\WINDOWS\system32\mswsock.dll
0x00007ff9ebb40000 - 0x00007ff9ebb56000 	C:\Program Files\Java\jdk-23\bin\nio.dll
0x00007ff9ea590000 - 0x00007ff9ea5aa000 	C:\Program Files\JetBrains\IntelliJ IDEA Community Edition 2024.2.4\bin\breakgen64.dll
0x00007ff9ece50000 - 0x00007ff9ece59000 	C:\Program Files\Java\jdk-23\bin\extnet.dll
0x00007ffa035f0000 - 0x00007ffa0360b000 	C:\WINDOWS\SYSTEM32\CRYPTSP.dll
0x00007ffa02e70000 - 0x00007ffa02ea5000 	C:\WINDOWS\system32\rsaenh.dll
0x00007ffa03480000 - 0x00007ffa034a8000 	C:\WINDOWS\SYSTEM32\USERENV.dll
0x00007ffa035e0000 - 0x00007ffa035ec000 	C:\WINDOWS\SYSTEM32\CRYPTBASE.dll
0x00007ffa029c0000 - 0x00007ffa029ed000 	C:\WINDOWS\SYSTEM32\IPHLPAPI.DLL
0x00007ffa059b0000 - 0x00007ffa059b9000 	C:\WINDOWS\System32\NSI.dll
0x00007ff9eba50000 - 0x00007ff9eba5e000 	C:\Program Files\Java\jdk-23\bin\sunmscapi.dll
0x00007ffa03ed0000 - 0x00007ffa04036000 	C:\WINDOWS\System32\CRYPT32.dll
0x00007ffa037a0000 - 0x00007ffa037cd000 	C:\WINDOWS\SYSTEM32\ncrypt.dll
0x00007ffa03760000 - 0x00007ffa03797000 	C:\WINDOWS\SYSTEM32\NTASN1.dll
0x00007ffa02a40000 - 0x00007ffa02b42000 	C:\WINDOWS\SYSTEM32\DNSAPI.dll
0x00007ff9f17f0000 - 0x00007ff9f17fa000 	C:\Windows\System32\rasadhlp.dll
0x00007ff9f9eb0000 - 0x00007ff9f9f33000 	C:\WINDOWS\System32\fwpuclnt.dll
0x00007ff9eacf0000 - 0x00007ff9eacfa000 	C:\Program Files\Java\jdk-23\bin\management.dll
0x00007ff9ea4f0000 - 0x00007ff9ea4fb000 	C:\Program Files\Java\jdk-23\bin\management_ext.dll
0x00007ffa06510000 - 0x00007ffa06518000 	C:\WINDOWS\System32\PSAPI.DLL
0x00007ff9e9660000 - 0x00007ff9e9670000 	C:\Program Files\Java\jdk-23\bin\verify.dll
0x00007ff9ad7f0000 - 0x00007ff9ad7f8000 	C:\WINDOWS\system32\wshunix.dll

dbghelp: loaded successfully - version: 4.0.5 - missing functions: none
symbol engine: initialized successfully - sym options: 0x614 - pdb path: .;C:\Program Files\Java\jdk-23\bin;C:\WINDOWS\SYSTEM32;C:\WINDOWS\WinSxS\amd64_microsoft.windows.common-controls_6595b64144ccf1df_6.0.22621.4391_none_2715d37f73803e96;C:\Program Files\Java\jdk-23\bin\server;C:\Program Files\JetBrains\IntelliJ IDEA Community Edition 2024.2.4\bin

VM Arguments:
jvm_args: -javaagent:C:\Program Files\JetBrains\IntelliJ IDEA Community Edition 2024.2.4\lib\idea_rt.jar=54482:C:\Program Files\JetBrains\IntelliJ IDEA Community Edition 2024.2.4\bin -Dfile.encoding=UTF-8 -Dsun.stdout.encoding=UTF-8 -Dsun.stderr.encoding=UTF-8 
java_command: com.luv2code.spring_boot_library.SpringBootLibraryApplication
java_class_path (initial): C:\Users\Dell\OneDrive\Documents\library-app\02-backend\spring-boot-library\spring-boot-library\target\classes;C:\Users\Dell\.m2\repository\com\okta\spring\okta-spring-boot-starter\3.0.3\okta-spring-boot-starter-3.0.3.jar;C:\Users\Dell\.m2\repository\com\okta\spring\okta-spring-security-oauth2\3.0.3\okta-spring-security-oauth2-3.0.3.jar;C:\Users\Dell\.m2\repository\jakarta\validation\jakarta.validation-api\3.0.2\jakarta.validation-api-3.0.2.jar;C:\Users\Dell\.m2\repository\com\okta\commons\okta-config-check\1.3.3\okta-config-check-1.3.3.jar;C:\Users\Dell\.m2\repository\com\okta\commons\okta-commons-lang\1.3.3\okta-commons-lang-1.3.3.jar;C:\Users\Dell\.m2\repository\org\springframework\security\spring-security-config\6.3.4\spring-security-config-6.3.4.jar;C:\Users\Dell\.m2\repository\org\springframework\security\spring-security-core\6.3.4\spring-security-core-6.3.4.jar;C:\Users\Dell\.m2\repository\org\springframework\security\spring-security-crypto\6.3.4\spring-security-crypto-6.3.4.jar;C:\Users\Dell\.m2\repository\org\springframework\boot\spring-boot-starter-security\3.3.5\spring-boot-starter-security-3.3.5.jar;C:\Users\Dell\.m2\repository\org\springframework\security\spring-security-web\6.3.4\spring-security-web-6.3.4.jar;C:\Users\Dell\.m2\repository\org\springframework\security\spring-security-oauth2-client\6.3.4\spring-security-oauth2-client-6.3.4.jar;C:\Users\Dell\.m2\repository\org\springframework\security\spring-security-oauth2-core\6.3.4\spring-security-oauth2-core-6.3.4.jar;C:\Users\Dell\.m2\repository\com\nimbusds\oauth2-oidc-sdk\9.43.4\oauth2-oidc-sdk-9.43.4.jar;C:\Users\Dell\.m2\repository\com\github\stephenc\jcip\jcip-annotations\1.0-1\jcip-annotations-1.0-1.jar;C:\Users\Dell\.m2\repository\com\nimbusds\content-type\2.2\content-type-2.2.jar;C:\Users\Dell\.m2\repository\com\nimbusds\lang-tag\1.7\lang-tag-1.7.jar;C:\Users\Dell\.m2\repository\org\springframework\security\spring-security-oauth2-jose\6.3.4\spring-security-oauth2-jose-6.3.4.jar;C:\Users\Dell\.m2\repository\com\nimbusds\nimbus-jose-jwt\9.37.3\nimbus-jose-jwt-9.37.3.jar;C:\Users\Dell\.m2\repository\org\springframework\security\spring-security-oauth2-resource-server\6.3.4\spring-security-oauth2-resource-server-6.3.4.jar;C:\Users\Dell\.m2\repository\com\okta\spring\okta-spring-sdk\3.0.3\okta-spring-sdk-3.0.3.jar;C:\Users\Dell\.m2\repository\org\springframework\boot\spring-boot\3.3.5\spring-boot-3.3.5.jar;C:\Users\Dell\.m2\repository\org\springframework\boot\spring-boot-autoconfigure\3.3.5\spring-boot-autoconfigure-3.3.5.jar;C:\Users\Dell\.m2\repository\org\springframework\boot\spring-boot-starter-data-jpa\3.3.5\spring-boot-starter-data-jpa-3.3.5.jar;C:\Users\Dell\.m2\repository\org\springframework\boot\spring-boot-starter-aop\3.3.5\spring-boot-starter-aop-3.3.5.jar;C:\Users\Dell\.m2\repository\org\springframework\spring-aop\6.1.14\spring-aop-6.1.14.jar;C:\Users\Dell\.m2\repository\org\aspectj\aspectjweaver\1.9.22.1\aspectjweaver-1.9.22.1.jar;C:\Users\Dell\.m2\repository\org\springframework\boot\spring-boot-starter-jdbc\3.3.5\spring-boot-starter-jdbc-3.3.5.jar;C:\Users\Dell\.m2\repository\com\zaxxer\HikariCP\5.1.0\HikariCP-5.1.0.jar;C:\Users\Dell\.m2\repository\org\springframework\spring-jdbc\6.1.14\spring-jdbc-6.1.14.jar;C:\Users\Dell\.m2\repository\org\hibernate\orm\hibernate-core\6.5.3.Final\hibernate-core-6.5.3.Final.jar;C:\Users\Dell\.m2\repository\jakarta\persistence\jakarta.persistence-api\3.1.0\jakarta.persistence-api-3.1.0.jar;C:\Users\Dell\.m2\repository\jakarta\transaction\jakarta.transaction-api\2.0.1\jakarta.transaction-api-2.0.1.jar;C:\Users\Dell\.m2\repository\org\jboss\logging\jboss-logging\3.5.3.Final\jboss-logging-3.5.3.Final.jar;C:\Users\Dell\.m2\repository\org\hibernate\common\hibernate-commons-annotations\6.0.6.Final\hibernate-commons-annotations-6.0.6.Final.jar;C:\Users\Dell\.m2\repository\io\smallrye\jandex\3.1.2\jandex-3.1.2.jar;C:\Users\Dell\.m2\repository\com\fasterxml\classmate\1.7.0\classmate-1.7.0.jar;C:\Users\Dell\.m2\repository\net\bytebuddy\byte-buddy\1.14.19\byte-buddy-1.14.19.jar;C:\Users\Dell\.m2\repository\org\glassfish\jaxb\jaxb-runtime\4.0.5\jaxb-runtime-4.0.5.jar;C:\Users\Dell\.m2\repository\org\glassfish\jaxb\jaxb-core\4.0.5\jaxb-core-4.0.5.jar;C:\Users\Dell\.m2\repository\org\eclipse\angus\angus-activation\2.0.2\angus-activation-2.0.2.jar;C:\Users\Dell\.m2\repository\org\glassfish\jaxb\txw2\4.0.5\txw2-4.0.5.jar;C:\Users\Dell\.m2\repository\com\sun\istack\istack-commons-runtime\4.1.2\istack-commons-runtime-4.1.2.jar;C:\Users\Dell\.m2\repository\jakarta\inject\jakarta.inject-api\2.0.1\jakarta.inject-api-2.0.1.jar;C:\Users\Dell\.m2\repository\org\antlr\antlr4-runtime\4.13.0\antlr4-runtime-4.13.0.jar;C:\Users\Dell\.m2\repository\org\springframework\data\spring-data-jpa\3.3.5\spring-data-jpa-3.3.5.jar;C:\Users\Dell\.m2\repository\org\springframework\data\spring-data-commons\3.3.5\spring-data-commons-3.3.5.jar;C:\Users\Dell\.m2\repository\org\springframework\spring-orm\6.1.14\spring-orm-6.1.14.jar;C:\Users\Dell\.m2\repository\org\springframework\spring-context\6.1.14\spring-context-6.1.14.jar;C:\Users\Dell\.m2\repository\org\springframework\spring-expression\6.1.14\spring-expression-6.1.14.jar;C:\Users\Dell\.m2\repository\io\micrometer\micrometer-observation\1.13.6\micrometer-observation-1.13.6.jar;C:\Users\Dell\.m2\repository\io\micrometer\micrometer-commons\1.13.6\micrometer-commons-1.13.6.jar;C:\Users\Dell\.m2\repository\org\springframework\spring-tx\6.1.14\spring-tx-6.1.14.jar;C:\Users\Dell\.m2\repository\org\springframework\spring-beans\6.1.14\spring-beans-6.1.14.jar;C:\Users\Dell\.m2\repository\jakarta\annotation\jakarta.annotation-api\2.1.1\jakarta.annotation-api-2.1.1.jar;C:\Users\Dell\.m2\repository\org\slf4j\slf4j-api\2.0.16\slf4j-api-2.0.16.jar;C:\Users\Dell\.m2\repository\org\springframework\spring-aspects\6.1.14\spring-aspects-6.1.14.jar;C:\Users\Dell\.m2\repository\org\springframework\boot\spring-boot-starter-data-rest\3.3.5\spring-boot-starter-data-rest-3.3.5.jar;C:\Users\Dell\.m2\repository\org\springframework\boot\spring-boot-starter-web\3.3.5\spring-boot-starter-web-3.3.5.jar;C:\Users\Dell\.m2\repository\org\springframework\boot\spring-boot-starter-json\3.3.5\spring-boot-starter-json-3.3.5.jar;C:\Users\Dell\.m2\repository\com\fasterxml\jackson\datatype\jackson-datatype-jdk8\2.17.2\jackson-datatype-jdk8-2.17.2.jar;C:\Users\Dell\.m2\repository\com\fasterxml\jackson\datatype\jackson-datatype-jsr310\2.17.2\jackson-datatype-jsr310-2.17.2.jar;C:\Users\Dell\.m2\repository\com\fasterxml\jackson\module\jackson-module-parameter-names\2.17.2\jackson-module-parameter-names-2.17.2.jar;C:\Users\Dell\.m2\repository\org\springframework\boot\spring-boot-starter-tomcat\3.3.5\spring-boot-starter-tomcat-3.3.5.jar;C:\Users\Dell\.m2\repository\org\apache\tomcat\embed\tomcat-embed-core\10.1.31\tomcat-embed-core-10.1.31.jar;C:\Users\Dell\.m2\repository\org\apache\tomcat\embed\tomcat-embed-el\10.1.31\tomcat-embed-el-10.1.31.jar;C:\Users\Dell\.m2\repository\org\apache\tomcat\embed\tomcat-embed-websocket\10.1.31\tomcat-embed-websocket-10.1.31.jar;C:\Users\Dell\.m2\repository\org\springframework\spring-web\6.1.14\spring-web-6.1.14.jar;C:\Users\Dell\.m2\repository\org\springframework\spring-webmvc\6.1.14\spring-webmvc-6.1.14.jar;C:\Users\Dell\.m2\repository\org\springframework\data\spring-data-rest-webmvc\4.3.5\spring-data-rest-webmvc-4.3.5.jar;C:\Users\Dell\.m2\repository\org\springframework\data\spring-data-rest-core\4.3.5\spring-data-rest-core-4.3.5.jar;C:\Users\Dell\.m2\repository\org\springframework\hateoas\spring-hateoas\2.3.3\spring-hateoas-2.3.3.jar;C:\Users\Dell\.m2\repository\org\springframework\plugin\spring-plugin-core\3.0.0\spring-plugin-core-3.0.0.jar;C:\Users\Dell\.m2\repository\org\atteo\evo-inflector\1.3\evo-inflector-1.3.jar;C:\Users\Dell\.m2\repository\com\fasterxml\jackson\core\jackson-databind\2.17.2\jackson-databind-2.17.2.jar;C:\Users\Dell\.m2\repository\com\fasterxml\jackson\core\jackson-core\2.17.2\jackson-core-2.17.2.jar;C:\Users\Dell\.m2\repository\com\fasterxml\jackson\core\jackson-annotations\2.17.2\jackson-annotations-2.17.2.jar;C:\Users\Dell\.m2\repository\com\mysql\mysql-connector-j\8.3.0\mysql-connector-j-8.3.0.jar;C:\Users\Dell\.m2\repository\org\projectlombok\lombok\1.18.34\lombok-1.18.34.jar;C:\Users\Dell\.m2\repository\org\springframework\boot\spring-boot-starter\3.3.5\spring-boot-starter-3.3.5.jar;C:\Users\Dell\.m2\repository\org\springframework\boot\spring-boot-starter-logging\3.3.5\spring-boot-starter-logging-3.3.5.jar;C:\Users\Dell\.m2\repository\ch\qos\logback\logback-classic\1.5.11\logback-classic-1.5.11.jar;C:\Users\Dell\.m2\repository\ch\qos\logback\logback-core\1.5.11\logback-core-1.5.11.jar;C:\Users\Dell\.m2\repository\org\apache\logging\log4j\log4j-to-slf4j\2.23.1\log4j-to-slf4j-2.23.1.jar;C:\Users\Dell\.m2\repository\org\apache\logging\log4j\log4j-api\2.23.1\log4j-api-2.23.1.jar;C:\Users\Dell\.m2\repository\org\slf4j\jul-to-slf4j\2.0.16\jul-to-slf4j-2.0.16.jar;C:\Users\Dell\.m2\repository\org\yaml\snakeyaml\2.2\snakeyaml-2.2.jar;C:\Users\Dell\.m2\repository\com\jayway\jsonpath\json-path\2.9.0\json-path-2.9.0.jar;C:\Users\Dell\.m2\repository\jakarta\xml\bind\jakarta.xml.bind-api\4.0.2\jakarta.xml.bind-api-4.0.2.jar;C:\Users\Dell\.m2\repository\jakarta\activation\jakarta.activation-api\2.1.3\jakarta.activation-api-2.1.3.jar;C:\Users\Dell\.m2\repository\net\minidev\json-smart\2.5.1\json-smart-2.5.1.jar;C:\Users\Dell\.m2\repository\net\minidev\accessors-smart\2.5.1\accessors-smart-2.5.1.jar;C:\Users\Dell\.m2\repository\org\ow2\asm\asm\9.6\asm-9.6.jar;C:\Users\Dell\.m2\repository\org\springframework\spring-core\6.1.14\spring-core-6.1.14.jar;C:\Users\Dell\.m2\repository\org\springframework\spring-jcl\6.1.14\spring-jcl-6.1.14.jar
Launcher Type: SUN_STANDARD

[Global flags]
     intx CICompilerCount                          = 2                                         {product} {ergonomic}
     uint ConcGCThreads                            = 1                                         {product} {ergonomic}
     uint G1ConcRefinementThreads                  = 2                                         {product} {ergonomic}
   size_t G1HeapRegionSize                         = 1048576                                   {product} {ergonomic}
   size_t InitialHeapSize                          = 58720256                                  {product} {ergonomic}
   size_t MarkStackSize                            = 4194304                                   {product} {ergonomic}
   size_t MarkStackSizeMax                         = 536870912                                 {product} {ergonomic}
   size_t MaxHeapSize                              = 910163968                                 {product} {ergonomic}
   size_t MaxNewSize                               = 545259520                                 {product} {ergonomic}
   size_t MinHeapDeltaBytes                        = 1048576                                   {product} {ergonomic}
   size_t MinHeapSize                              = 8388608                                   {product} {ergonomic}
    uintx NonNMethodCodeHeapSize                   = 5767168                                {pd product} {ergonomic}
    uintx NonProfiledCodeHeapSize                  = 123011072                              {pd product} {ergonomic}
    uintx ProfiledCodeHeapSize                     = 122880000                              {pd product} {ergonomic}
    uintx ReservedCodeCacheSize                    = 251658240                              {pd product} {ergonomic}
     bool SegmentedCodeCache                       = true                                      {product} {ergonomic}
   size_t SoftMaxHeapSize                          = 910163968                              {manageable} {ergonomic}
     bool UseCompressedOops                        = true                           {product lp64_product} {ergonomic}
     bool UseG1GC                                  = true                                      {product} {ergonomic}
     bool UseLargePagesIndividualAllocation        = false                                  {pd product} {ergonomic}

Logging:
Log output configuration:
 #0: stdout all=warning uptime,level,tags foldmultilines=false
 #1: stderr all=off uptime,level,tags foldmultilines=false

Environment Variables:
PATH=C:\Program Files\Common Files\Oracle\Java\javapath;C:\WINDOWS\system32;C:\WINDOWS;C:\WINDOWS\System32\Wbem;C:\WINDOWS\System32\WindowsPowerShell\v1.0\;C:\WINDOWS\System32\OpenSSH\;C:\Program Files\dotnet\;C:\Program Files\nodejs\;C:\Program Files\Git\cmd;C:\Program Files\MySQL\MySQL Server 8.0\bin;C:\Program Files\MySQL\MySQL Shell 8.0\bin\;C:\Users\Dell\AppData\Local\Microsoft\WindowsApps;C:\Users\Dell\AppData\Local\Programs\Microsoft VS Code\bin;C:\Program Files\JetBrains\PyCharm 2024.1\bin;;C:\Program Files\MySQL;C:\Users\Dell\AppData\Roaming\npm;C:\Program Files\JetBrains\IntelliJ IDEA Community Edition 2024.2.4\bin;;C:\Program Files\Java\apache-maven-3.9.9-bin.zip\apache-maven-3.9.9;C:\Program Files\Java\jdk-21;C:\Program Files\Java\jdk-23;
USERNAME=Dell
OS=Windows_NT
PROCESSOR_IDENTIFIER=AMD64 Family 23 Model 24 Stepping 1, AuthenticAMD
TMP=C:\Users\Dell\AppData\Local\Temp
TEMP=C:\Users\Dell\AppData\Local\Temp




Periodic native trim disabled

---------------  S Y S T E M  ---------------

OS:
 Windows 11 , 64 bit Build 22621 (10.0.22621.4391)
OS uptime: 0 days 6:22 hours

CPU: total 2 (initial active 2) (2 cores per cpu, 1 threads per core) family 23 model 24 stepping 1 microcode 0x0, cx8, cmov, fxsr, mmx, 3dnowpref, sse, sse2, sse3, ssse3, sse4a, sse4.1, sse4.2, popcnt, lzcnt, tsc, tscinvbit, avx, avx2, aes, clmul, bmi1, bmi2, adx, sha, fma, vzeroupper, clflush, clflushopt, rdtscp, f16c
Processor Information for the first 2 processors :
  Max Mhz: 2300, Current Mhz: 2300, Mhz Limit: 2300

Memory: 4k page, system-wide physical 3470M (204M free)
TotalPageFile size 14222M (AvailPageFile size 3M)
current process WorkingSet (physical memory assigned to process): 21M, peak: 239M
current process commit charge ("private bytes"): 305M, peak: 319M

vm_info: Java HotSpot(TM) 64-Bit Server VM (23.0.1+11-39) for windows-amd64 JRE (23.0.1+11-39), built on 2024-09-30T07:20:43Z with MS VC++ 17.6 (VS2022)

END.
